C251 COMPILER V5.60.0,  main                                                               04/08/23  13:38:43  PAGE 1   


C251 COMPILER V5.60.0, COMPILATION OF MODULE main
OBJECT MODULE PLACED IN main.OBJ
COMPILER INVOKED BY: C:\Keil_v5\C251\BIN\C251.EXE main.c XSMALL INTR2 WARNINGLEVEL(1) BROWSE INCDIR(.\OLED;.\timer;.\GPI
                    -O;.\PWM;.\Encoders;.\iic;.\motor;.\ADC;.\LineFollower;.\MPU6050;.\Key;.\Wave;.\Uart;.\SYN6288) DEBUG TABS(2) 

stmt  level    source

    1          /*
    2          program versions : 2.3.1
    3          
    4          完美版本，用p值、d值就已经可以丝滑循迹
    5          
    6          modification: 2023/8/1 14:38
    7          
    8          modifier: Cameron Bright
    9          
   10          */
   11          #include "timer.h"   //定时器
   12          #include "oled.h"   //OLED函数
   13          #include "GPIO.h"   //GPIO
   14          #include "key.h"    //按键
   15          #include "Uart.h"   //串口
   16          #include "stdio.h"  //c标准库
   17          #include "motor.h"  //电机
   18          #include "LineFollower.h" //循迹模块
   19          #include "MPU6050.h"//mpu6050
   20          #include "MATH.H"   //数学运算模块
   21          
   22          //=================================
   23          
   24          #include "pwm_init.h"  //pwm
   25          #include "Wave.h"      //超声波
   26          
   27          //-------------------------------- system--------------------------------
   28          extern uint s_count;         //定时器计数
   29          extern uint delay_cnt;       //delay计数
   30          uint sys_led = 0;            //运行状态灯
   31          
   32          uint disp_delay;             //显示屏刷新延时计数
   33          uint motor_delay;            //电机函数刷新延时计数
   34          uint mpu6050_delay;          //mpu6050读取延时计数
   35          uint key_delay;              //案件延时刷新计数
   36          
   37          //----------------- motor(电机驱动和PID变量)--------------------------------
   38          //extern int dutyL;            //左边电机驱动pwm 周期1000
   39          //extern int dutyR;            //右
   40          
   41          //=======================================================================
   42          //******************************
   43          extern int Left_moto1     ;//左风机PWM
   44          extern int Right_moto2    ;//右
   45          extern int Forwar_dmoto1  ;//前
   46          extern int Backward_moto2 ;//后
   47          
   48          
   49          //======================================================================
   50          uchar motor_sw = 1;//电机开关
   51          
   52          struct pid_parameter positionPID; //PID参数
   53          int err_kp, err_ki, err_kd;   //误差值
   54          char line_inaccuracy; //循迹模块偏移量
   55          char old_line_inaccuracy;//上一次循迹模块的便宜量
   56          char old_position;    //上一次的数据
   57          
   58          //------------------MPU6050-----------------------------------------------
C251 COMPILER V5.60.0,  main                                                               04/08/23  13:38:43  PAGE 2   

   59          //===================获取数据========================================================
   60          
   61          
   62          extern float Angle_gx=0,Angle_gy=0,Angle_gz=0;    //由角速度计算的角速率(角度制)
   63          extern float Angle_ax=0,Angle_ay=0,Angle_az=0;    //由加速度计算的加速度(弧度制)
   64          float edata  Last_Angle_gx=0;         //外环PI输出量  上一次陀螺仪数据
   65          float edata Last_Angle_gy=0;
   66          
   67          int   edata g_x=0,g_y=0,g_z=0;          //陀螺仪矫正参数
   68          float edata a_x=0,a_y=0,a_z=0;              //角度矫正参数
   69          
   70          extern int X_Result=0,Y_Result=0,Z_Result=0;            //加入偏差值 
   71          
   72          unsigned char tp[16];   //读MP6050缓冲
   73          //-----------------other--------------------------------------------------
   74          uchar txbuf[20]; //串口发送缓存
   75          
   76          uchar oled_showtext[25]; //oled显示字符串
   77          
   78          void Disp_refresh(void);  //数码管显示函数
   79          void Motor_control(void); //电机控制函数
   80          void MPU6050_Read(void);  //陀螺仪数据采集
   81          void Key_Proc(void);
   82          
   83          //*****************按键***********//
   84          
   85          unsigned char key_old = 0;
   86          unsigned char key_value = 0;
   87          unsigned char key_Down = 0;
   88          
   89          //*******超声波*****//
   90          unsigned char Wave = 0;
   91          unsigned char Wave_Buff[20];
   92          extern unsigned long TF_Count;
   93          
   94          //循迹启动按键
   95          unsigned char T_S_B = 0;  //启动循迹按键
   96          unsigned char flag = 0;
   97          unsigned char flag_count = 0;
   98          unsigned char Tracking_value = 0;  //循迹值
   99          extern int dutyL; //左轮
  100          extern int dutyR; //右轮
  101          
  102          void main()
  103          {
  104   1        GPIO_init();//GPIO初始化
  105   1        OLED_Init();//oled初始化
  106   1        OLED_ColorTurn(0);//0正常显示，1 反色显示
  107   1        OLED_DisplayTurn(0);//0正常显示 1 屏幕翻转显示
  108   1        OLED_Clear();//oled清屏
  109   1        Timer0Init();//定时器 0 初始化
  110   1        Timer1_Init(); //定时器 1 初始化
  111   1        Timer3_Init();//定时器 3 初始化
  112   1        Uart1_Init();// 串口1初始化
  113   1        S1_S0=0; S1_S1=0;//串口1 选择P30 P31  
  114   1        P54RST=1;//复位初始化
  115   1        InitMPU6050(); //mpu6050初始化
  116   1        Motor_Init(); //电机初始化
  117   1        //PID参数
  118   1        positionPID.basicSpeed = 600;//基础运动速度
  119   1        positionPID.kp = 400;
  120   1        positionPID.ki = 0;
  121   1        positionPID.kd = 20;
  122   1        
  123   1        while(1)
  124   1        {
C251 COMPILER V5.60.0,  main                                                               04/08/23  13:38:43  PAGE 3   

  125   2          Disp_refresh();
  126   2          MPU6050_Read();
  127   2          Key_Proc();
  128   2        }
  129   1      }
  130          
  131          //定时器0中断函数
  132          
  133          void Timer0() interrupt 1
  134          {
  135   1        TF_Count += 1;
  136   1      }
  137          
  138          
  139          //-----------------定时器1-----------------------------------
  140          void timer1() interrupt 3       //100us中断一次
  141          {
  142   1        if(++disp_delay == 100) disp_delay = 0;       //显示屏刷新时间
  143   1        if(++motor_delay == 10) motor_delay = 0;      //电机控制刷新时间
  144   1        if(++mpu6050_delay == 50) mpu6050_delay = 0;  //mpu6050执行刷新时间
  145   1        if(++key_delay == 100) key_delay = 0;        //按键扫描刷新时间
  146   1        
  147   1        if(++sys_led >= 5000)                         
  148   1        {
  149   2          sys_led = 0;
  150   2        }
  151   1      } 
  152          
  153          
  154          void Timer3_Isr(void) interrupt 19   //等待测试 1ms
  155          {
  156   1        if(flag == 1)         
  157   1        {
  158   2          flag_count++;
  159   2          if(flag_count > 100)
  160   2          {
  161   3            Tracking_value ++;  //循迹值
  162   3            flag_count = 0;
  163   3            flag = 0;
  164   3          }
  165   2        }
  166   1      }
  167          
  168          
  169          
  170          //-----------------按键处理-----------------------------------
  171          
  172          void Key_Proc(void)
  173          {
  174   1        if(key_delay) return; //100ms扫描一次按键
  175   1        key_delay = 1;
  176   1        
  177   1        key_value = Key_Rvalue();//读取按键按下的编号
  178   1        key_Down = key_value & (key_old ^ key_value);                                   
  179   1        key_old = key_value;  
  180   1        
  181   1        switch(key_Down)
  182   1        {
  183   2          case 1:
  184   2            T_S_B = 1;
  185   2          break;
  186   2          case 2:
  187   2            T_S_B = 2;  
  188   2          break;
  189   2          case 3:
  190   2              
C251 COMPILER V5.60.0,  main                                                               04/08/23  13:38:43  PAGE 4   

  191   2          break;
  192   2          case 4:
  193   2              
  194   2          break;
  195   2        }
  196   1      }
  197          
  198          //-----------------显示屏函数-----------------------------------
  199          void Disp_refresh(void)
  200          {
  201   1        if(disp_delay) return; //10ms刷新一次屏幕
  202   1        disp_delay = 1;
  203   1        
  204   1          sprintf(oled_showtext,"line:%2d  ",line_inaccuracy);
  205   1        OLED_Display_string_5x7(0,0,oled_showtext);
  206   1        
  207   1      //    sprintf(oled_showtext,"L:%3d,R%3d ",dutyL,dutyR);
  208   1      //  OLED_Display_string_5x7(0,2,oled_showtext);
  209   1        
  210   1          sprintf(oled_showtext,"basic:%3d ",positionPID.basicSpeed);
  211   1        OLED_Display_string_5x7(0,4,oled_showtext);
  212   1        
  213   1          sprintf(oled_showtext,"Z:%5d  ",(int)Z_Result);
  214   1        OLED_Display_string_5x7(0,6,oled_showtext);
  215   1        
  216   1        
  217   1          sprintf(oled_showtext,"p:%4d,d:%4d",(int)positionPID.kp,(int)positionPID.kd);
  218   1        OLED_Display_string_5x7(64,0,oled_showtext);
  219   1        
  220   1          sprintf(oled_showtext,"R: %5d ",(int)X_Result);
  221   1        OLED_Display_string_5x7(64,2,oled_showtext);
  222   1        
  223   1          sprintf(oled_showtext,"Y: %5d ",(int)Y_Result);
  224   1        OLED_Display_string_5x7(64,4,oled_showtext);
  225   1        
  226   1          sprintf(oled_showtext,"Y: %5d ",(int)flag_count);
  227   1        OLED_Display_string_5x7(64,7,oled_showtext);
  228   1      }
  229          
  230          
  231          //-------------陀螺仪控制函数----------------------------------------
  232          //相关变量
  233          
  234          //------------
  235          void MPU6050_Read(void)
  236          {
  237   1        if(mpu6050_delay) return; 
  238   1        mpu6050_delay = 1;
  239   1        
  240   1          //********************************************************************************************
  241   1          Read_MPU6050(tp); // 720us @24MHz
  242   1      
  243   1          Angle_ax = ((float)(((int *)&tp)[0])) / 8192.0; //加速度处理  结果单位是 +- g
  244   1          Angle_ay = ((float)(((int *)&tp)[1])) / 8192.0; //转换关系  8192 LSB/g, 1g对应读数8192
  245   1          Angle_az = ((float)(((int *)&tp)[2])) / 8192.0; //加速度量程 +-4g/S
  246   1          Last_Angle_gx = Angle_gx;   //储存上一次角速度数据
  247   1          Last_Angle_gy = Angle_gy;
  248   1          Angle_gx = ((float)(((int *)&tp)[4] - g_x)) / 65.5; //陀螺仪处理  结果单位是 +-度
  249   1          Angle_gy = ((float)(((int *)&tp)[5] - g_y)) / 65.5; //陀螺仪量程 +-500度/S, 1度/秒 对应读数 65.536
  250   1          Angle_gz = ((float)(((int *)&tp)[6] - g_z)) / 65.5; //转换关系65.5 LSB/度
  251   1      
  252   1      
  253   1          //**********************************X轴指向************************************************
  254   1          X_Result  = Angle_ax * 100 ;    //处理过的数值减去偏差值
  255   1          //**************Y轴指向**************************************************
  256   1          Y_Result  = Angle_ay * 100;   //处理过的数值减去偏差值
C251 COMPILER V5.60.0,  main                                                               04/08/23  13:38:43  PAGE 5   

  257   1          //**************Z轴指向*****************************  
  258   1          Z_Result = Angle_az * 100;
  259   1      
  260   1      
  261   1          //==============================================================
  262   1              
  263   1          Uart1_sendbyte(0x03);
  264   1          Uart1_sendbyte(~0x03);
  265   1          
  266   1          Uart1_sendbyte((int)(X_Result*100));
  267   1          Uart1_sendbyte((int)(X_Result*100)>>8);
  268   1          Uart1_sendbyte((int)(Y_Result*100));
  269   1          Uart1_sendbyte((int)(Y_Result*100)>>8);
  270   1          Uart1_sendbyte((int)(Z_Result*100));
  271   1          Uart1_sendbyte((int)(Z_Result*100)>>8);
  272   1          
  273   1          Uart1_sendbyte(~0x03);
  274   1          Uart1_sendbyte(0x03);
  275   1             
  276   1          //========================= 
  277   1      }
  278          
  279          
  280          
  281          
  282          
  283          //-----------------电机控制函数-------------------------------------
  284          void Motor_control(void)
  285          {
  286   1        if(motor_delay) return; //延时
  287   1        motor_delay = 1;
  288   1        
  289   1        line_inaccuracy = ReadLine();//读取循线状态 1、-1、0
*** WARNING C140 IN LINE 289 OF main.c: 'ReadLine' undefined; assuming 'extern int ReadLine()'
  290   1        
  291   1        if(line_inaccuracy > 2 || line_inaccuracy < -2)
  292   1        {
  293   2          if(line_inaccuracy == -3)//传感器远离地面时
  294   2            motor_sw = 1;           //电机正转
  295   2          else if(line_inaccuracy == 3) //所有传感器都在地面但没识别到线时
  296   2            line_inaccuracy = old_position;
  297   2        }
  298   1        else 
  299   1        {
  300   2          motor_sw = 1;//电机正常工作
  301   2          old_position = line_inaccuracy;//记录上一次的位置
  302   2        }
  303   1        
  304   1        err_kp = positionPID.kp * line_inaccuracy;     //循迹模块数据
  305   1        err_ki = positionPID.ki * line_inaccuracy;     //积分
  306   1        err_kd = positionPID.kd * old_line_inaccuracy; //微分
  307   1        
  308   1        if(line_inaccuracy)
  309   1        {
  310   2          dutyR = positionPID.basicSpeed + err_kp + err_kd; 
  311   2          dutyL = positionPID.basicSpeed - err_kp - err_kd;
  312   2        }
  313   1        else 
  314   1        {
  315   2          dutyR = positionPID.basicSpeed;
  316   2          dutyL = positionPID.basicSpeed;
  317   2        }
  318   1      
  319   1        Update_duty(motor_sw,dutyR,dutyL);//更新PWM输出
  320   1        old_line_inaccuracy = line_inaccuracy;
  321   1      }
C251 COMPILER V5.60.0,  main                                                               04/08/23  13:38:43  PAGE 6   

  322          


Module Information          Static   Overlayable
------------------------------------------------
  code size            =      1224     ------
  ecode size           =    ------     ------
  data size            =    ------     ------
  idata size           =    ------     ------
  pdata size           =    ------     ------
  xdata size           =    ------     ------
  xdata-const size     =    ------     ------
  edata size           =       179     ------
  bit size             =    ------     ------
  ebit size            =    ------     ------
  bitaddressable size  =    ------     ------
  ebitaddressable size =    ------     ------
  far data size        =    ------     ------
  huge data size       =    ------     ------
  const size           =    ------     ------
  hconst size          =       233     ------
End of Module Information.


C251 COMPILATION COMPLETE.  1 WARNING(S),  0 ERROR(S)
